\BOOKMARK [1][-]{section.1}{Introduction}{}% 1
\BOOKMARK [2][-]{subsection.1.1}{System\040Parameters}{section.1}% 2
\BOOKMARK [2][-]{subsection.1.2}{Memory}{section.1}% 3
\BOOKMARK [2][-]{subsection.1.3}{Additional\040Features}{section.1}% 4
\BOOKMARK [1][-]{section.2}{ISA}{}% 5
\BOOKMARK [2][-]{subsection.2.1}{Introduction}{section.2}% 6
\BOOKMARK [2][-]{subsection.2.2}{Instruction\040Format}{section.2}% 7
\BOOKMARK [2][-]{subsection.2.3}{Instructions}{section.2}% 8
\BOOKMARK [3][-]{subsubsection.2.3.1}{Set}{subsection.2.3}% 9
\BOOKMARK [3][-]{subsubsection.2.3.2}{Load}{subsection.2.3}% 10
\BOOKMARK [3][-]{subsubsection.2.3.3}{Store}{subsection.2.3}% 11
\BOOKMARK [3][-]{subsubsection.2.3.4}{Move}{subsection.2.3}% 12
\BOOKMARK [3][-]{subsubsection.2.3.5}{Add}{subsection.2.3}% 13
\BOOKMARK [3][-]{subsubsection.2.3.6}{Subtract}{subsection.2.3}% 14
\BOOKMARK [3][-]{subsubsection.2.3.7}{Negate}{subsection.2.3}% 15
\BOOKMARK [3][-]{subsubsection.2.3.8}{Multiply}{subsection.2.3}% 16
\BOOKMARK [3][-]{subsubsection.2.3.9}{Divide}{subsection.2.3}% 17
\BOOKMARK [3][-]{subsubsection.2.3.10}{Floor}{subsection.2.3}% 18
\BOOKMARK [3][-]{subsubsection.2.3.11}{Ceiling}{subsection.2.3}% 19
\BOOKMARK [3][-]{subsubsection.2.3.12}{Round}{subsection.2.3}% 20
\BOOKMARK [3][-]{subsubsection.2.3.13}{Absolute\040Value}{subsection.2.3}% 21
\BOOKMARK [3][-]{subsubsection.2.3.14}{Minimum}{subsection.2.3}% 22
\BOOKMARK [3][-]{subsubsection.2.3.15}{Maximum}{subsection.2.3}% 23
\BOOKMARK [3][-]{subsubsection.2.3.16}{Power}{subsection.2.3}% 24
\BOOKMARK [3][-]{subsubsection.2.3.17}{Exponent}{subsection.2.3}% 25
\BOOKMARK [3][-]{subsubsection.2.3.18}{Square\040Root}{subsection.2.3}% 26
\BOOKMARK [3][-]{subsubsection.2.3.19}{Branch\040\(Uncond.\)}{subsection.2.3}% 27
\BOOKMARK [3][-]{subsubsection.2.3.20}{Branch\040Zero}{subsection.2.3}% 28
\BOOKMARK [3][-]{subsubsection.2.3.21}{Branch\040Negative}{subsection.2.3}% 29
\BOOKMARK [3][-]{subsubsection.2.3.22}{No-op}{subsection.2.3}% 30
\BOOKMARK [3][-]{subsubsection.2.3.23}{Halt}{subsection.2.3}% 31
\BOOKMARK [1][-]{section.3}{Architecture}{}% 32
\BOOKMARK [2][-]{subsection.3.1}{Datapath}{section.3}% 33
\BOOKMARK [2][-]{subsection.3.2}{controller}{section.3}% 34
\BOOKMARK [1][-]{section.4}{VHDL\040Description}{}% 35
\BOOKMARK [1][-]{section.5}{Testing}{}% 36
\BOOKMARK [1][-]{section.6}{Conclusion}{}% 37
